c:\users\shake\source\repos\tetris_project\x64\release\vc142.pdb
c:\users\shake\source\repos\tetris_project\x64\release\point.obj
c:\users\shake\source\repos\tetris_project\x64\release\player.obj
c:\users\shake\source\repos\tetris_project\x64\release\menu.obj
c:\users\shake\source\repos\tetris_project\x64\release\main.obj
c:\users\shake\source\repos\tetris_project\x64\release\io_utils.obj
c:\users\shake\source\repos\tetris_project\x64\release\humanplayer.obj
c:\users\shake\source\repos\tetris_project\x64\release\game.obj
c:\users\shake\source\repos\tetris_project\x64\release\computer_player.obj
c:\users\shake\source\repos\tetris_project\x64\release\box.obj
c:\users\shake\source\repos\tetris_project\x64\release\board.obj
c:\users\shake\source\repos\tetris_project\x64\release\block.obj
c:\users\shake\source\repos\tetris_project\x64\release\tetris_project.exe
c:\users\shake\source\repos\tetris_project\x64\release\tetris_project.pdb
c:\users\shake\source\repos\tetris_project\x64\release\tetris_project.ipdb
c:\users\shake\source\repos\tetris_project\x64\release\tetris_project.iobj
c:\users\shake\source\repos\tetris_project\x64\release\tetris_project.tlog\cl.command.1.tlog
c:\users\shake\source\repos\tetris_project\x64\release\tetris_project.tlog\cl.read.1.tlog
c:\users\shake\source\repos\tetris_project\x64\release\tetris_project.tlog\cl.write.1.tlog
c:\users\shake\source\repos\tetris_project\x64\release\tetris_project.tlog\link.command.1.tlog
c:\users\shake\source\repos\tetris_project\x64\release\tetris_project.tlog\link.read.1.tlog
c:\users\shake\source\repos\tetris_project\x64\release\tetris_project.tlog\link.write.1.tlog
c:\users\shake\source\repos\tetris_project\x64\release\tetris_project.tlog\tetris_project.write.1u.tlog
