c:\users\shake\source\repos\tetris_project\x64\debug\vc142.pdb
c:\users\shake\source\repos\tetris_project\x64\debug\vc142.idb
c:\users\shake\source\repos\tetris_project\x64\debug\player.obj
c:\users\shake\source\repos\tetris_project\x64\debug\menu.obj
c:\users\shake\source\repos\tetris_project\x64\debug\main.obj
c:\users\shake\source\repos\tetris_project\x64\debug\game.obj
c:\users\shake\source\repos\tetris_project\x64\debug\box.obj
c:\users\shake\source\repos\tetris_project\x64\debug\board.obj
c:\users\shake\source\repos\tetris_project\x64\debug\block.obj
c:\users\shake\source\repos\tetris_project\x64\debug\point.obj
c:\users\shake\source\repos\tetris_project\x64\debug\io_utils.obj
c:\users\shake\source\repos\tetris_project\x64\debug\computer_player.obj
c:\users\shake\source\repos\tetris_project\x64\debug\humanplayer.obj
c:\users\shake\source\repos\tetris_project\x64\debug\bomb.obj
c:\users\shake\source\repos\tetris_project\x64\debug\tetris_project.exe
c:\users\shake\source\repos\tetris_project\x64\debug\tetris_project.ilk
c:\users\shake\source\repos\tetris_project\x64\debug\tetris_project.pdb
c:\users\shake\source\repos\tetris_project\x64\debug\tetris_project.tlog\cl.command.1.tlog
c:\users\shake\source\repos\tetris_project\x64\debug\tetris_project.tlog\cl.read.1.tlog
c:\users\shake\source\repos\tetris_project\x64\debug\tetris_project.tlog\cl.write.1.tlog
c:\users\shake\source\repos\tetris_project\x64\debug\tetris_project.tlog\link.command.1.tlog
c:\users\shake\source\repos\tetris_project\x64\debug\tetris_project.tlog\link.read.1.tlog
c:\users\shake\source\repos\tetris_project\x64\debug\tetris_project.tlog\link.write.1.tlog
